0 info it worked if it ends with ok
1 verbose cli [ '/usr/bin/node', '/usr/bin/npm', 'install' ]
2 info using npm@1.3.11
3 info using node@v0.10.21
4 verbose node symlink /usr/bin/node
5 warn package.json yir-maybecast@ No description
6 warn package.json yir-maybecast@ No repository field.
7 warn package.json yir-maybecast@ No README data
8 verbose readDependencies using package.json deps
9 verbose install where, deps [ '/var/www/clue/appServer/nodejs',
9 verbose install   [ 'sockjs', 'redis', 'karma', 'karma-jasmine', 'angular-mocks' ] ]
10 info preinstall yir-maybecast@
11 verbose readDependencies using package.json deps
12 verbose already installed skipping karma@~0.10 /var/www/clue/appServer/nodejs
13 verbose cache add [ 'karma-jasmine@~0.1.0', null ]
14 verbose cache add name=undefined spec="karma-jasmine@~0.1.0" args=["karma-jasmine@~0.1.0",null]
15 verbose parsed url { protocol: null,
15 verbose parsed url   slashes: null,
15 verbose parsed url   auth: null,
15 verbose parsed url   host: null,
15 verbose parsed url   port: null,
15 verbose parsed url   hostname: null,
15 verbose parsed url   hash: null,
15 verbose parsed url   search: null,
15 verbose parsed url   query: null,
15 verbose parsed url   pathname: 'karma-jasmine@~0.1.0',
15 verbose parsed url   path: 'karma-jasmine@~0.1.0',
15 verbose parsed url   href: 'karma-jasmine@~0.1.0' }
16 verbose cache add name="karma-jasmine" spec="~0.1.0" args=["karma-jasmine","~0.1.0"]
17 verbose parsed url { protocol: null,
17 verbose parsed url   slashes: null,
17 verbose parsed url   auth: null,
17 verbose parsed url   host: null,
17 verbose parsed url   port: null,
17 verbose parsed url   hostname: null,
17 verbose parsed url   hash: null,
17 verbose parsed url   search: null,
17 verbose parsed url   query: null,
17 verbose parsed url   pathname: '~0.1.0',
17 verbose parsed url   path: '~0.1.0',
17 verbose parsed url   href: '~0.1.0' }
18 verbose addNamed [ 'karma-jasmine', '~0.1.0' ]
19 verbose addNamed [ null, '>=0.1.0-0 <0.2.0-0' ]
20 silly lockFile 880f350b-karma-jasmine-0-1-0 karma-jasmine@~0.1.0
21 verbose lock karma-jasmine@~0.1.0 /home/paio/.npm/880f350b-karma-jasmine-0-1-0.lock
22 silly addNameRange { name: 'karma-jasmine',
22 silly addNameRange   range: '>=0.1.0-0 <0.2.0-0',
22 silly addNameRange   hasData: false }
23 verbose cache add [ 'angular-mocks@*', null ]
24 verbose cache add name=undefined spec="angular-mocks@*" args=["angular-mocks@*",null]
25 verbose parsed url { protocol: null,
25 verbose parsed url   slashes: null,
25 verbose parsed url   auth: null,
25 verbose parsed url   host: null,
25 verbose parsed url   port: null,
25 verbose parsed url   hostname: null,
25 verbose parsed url   hash: null,
25 verbose parsed url   search: null,
25 verbose parsed url   query: null,
25 verbose parsed url   pathname: 'angular-mocks@*',
25 verbose parsed url   path: 'angular-mocks@*',
25 verbose parsed url   href: 'angular-mocks@*' }
26 verbose cache add name="angular-mocks" spec="*" args=["angular-mocks","*"]
27 verbose parsed url { protocol: null,
27 verbose parsed url   slashes: null,
27 verbose parsed url   auth: null,
27 verbose parsed url   host: null,
27 verbose parsed url   port: null,
27 verbose parsed url   hostname: null,
27 verbose parsed url   hash: null,
27 verbose parsed url   search: null,
27 verbose parsed url   query: null,
27 verbose parsed url   pathname: '*',
27 verbose parsed url   path: '*',
27 verbose parsed url   href: '*' }
28 verbose addNamed [ 'angular-mocks', '*' ]
29 verbose addNamed [ null, '*' ]
30 silly lockFile 8ac6d172-angular-mocks angular-mocks@*
31 verbose lock angular-mocks@* /home/paio/.npm/8ac6d172-angular-mocks.lock
32 silly addNameRange { name: 'angular-mocks', range: '*', hasData: false }
33 verbose already installed skipping sockjs@0.3.8 /var/www/clue/appServer/nodejs
34 verbose url raw angular-mocks
35 verbose url resolving [ 'https://registry.npmjs.org/', './angular-mocks' ]
36 verbose url resolved https://registry.npmjs.org/angular-mocks
37 info trying registry request attempt 1 at 13:19:57
38 http GET https://registry.npmjs.org/angular-mocks
39 verbose already installed skipping redis@0.10.1 /var/www/clue/appServer/nodejs
40 verbose registry.get karma-jasmine not expired, no request
41 silly addNameRange number 2 { name: 'karma-jasmine',
41 silly addNameRange   range: '>=0.1.0-0 <0.2.0-0',
41 silly addNameRange   hasData: true }
42 silly addNameRange versions [ 'karma-jasmine',
42 silly addNameRange   [ '0.0.1',
42 silly addNameRange     '0.0.2',
42 silly addNameRange     '0.0.3',
42 silly addNameRange     '0.1.0',
42 silly addNameRange     '0.1.1',
42 silly addNameRange     '0.1.2',
42 silly addNameRange     '0.1.3',
42 silly addNameRange     '0.1.4',
42 silly addNameRange     '0.1.5',
42 silly addNameRange     '0.2.0',
42 silly addNameRange     '0.2.1',
42 silly addNameRange     '0.2.2' ] ]
43 verbose addNamed [ 'karma-jasmine', '0.1.5' ]
44 verbose addNamed [ '0.1.5', '0.1.5' ]
45 silly lockFile 46898725-karma-jasmine-0-1-5 karma-jasmine@0.1.5
46 verbose lock karma-jasmine@0.1.5 /home/paio/.npm/46898725-karma-jasmine-0-1-5.lock
47 silly lockFile 46898725-karma-jasmine-0-1-5 karma-jasmine@0.1.5
48 silly lockFile 46898725-karma-jasmine-0-1-5 karma-jasmine@0.1.5
49 silly lockFile 880f350b-karma-jasmine-0-1-0 karma-jasmine@~0.1.0
50 silly lockFile 880f350b-karma-jasmine-0-1-0 karma-jasmine@~0.1.0
51 http 404 https://registry.npmjs.org/angular-mocks
52 silly registry.get cb [ 404,
52 silly registry.get   { date: 'Fri, 02 May 2014 11:19:57 GMT',
52 silly registry.get     server: 'CouchDB/1.5.0 (Erlang OTP/R14B04)',
52 silly registry.get     'content-type': 'application/json',
52 silly registry.get     via: '1.1 varnish',
52 silly registry.get     'cache-control': 'max-age=0',
52 silly registry.get     'content-length': '52',
52 silly registry.get     'accept-ranges': 'bytes',
52 silly registry.get     'x-served-by': 'cache-v36-ASH, cache-am70-AMS',
52 silly registry.get     'x-cache': 'MISS, MISS',
52 silly registry.get     'x-cache-hits': '0, 0',
52 silly registry.get     'x-timer': 'S1399029597.666327477,VS0,VS45,VE147,VE188',
52 silly registry.get     'keep-alive': 'timeout=10, max=50',
52 silly registry.get     connection: 'Keep-Alive' } ]
53 silly lockFile 8ac6d172-angular-mocks angular-mocks@*
54 silly lockFile 8ac6d172-angular-mocks angular-mocks@*
55 error 404 'angular-mocks' is not in the npm registry.
55 error 404 You should bug the author to publish it
55 error 404
55 error 404 Note that you can also install from a
55 error 404 tarball, folder, or http url, or git url.
56 error System Linux 3.11.0-12-generic
57 error command "/usr/bin/node" "/usr/bin/npm" "install"
58 error cwd /var/www/clue/appServer/nodejs
59 error node -v v0.10.21
60 error npm -v 1.3.11
61 error code E404
62 verbose exit [ 1, true ]
